20:54:07,315  INFO JavaFX Application Thread Controller:logRequestStatus:27 - OK
20:59:22,200  INFO JavaFX Application Thread Controller:logRequestStatus:26 - FOR HOST www.martinbroadhurst.com RESPONSE STATUS: OK
21:19:25,511  INFO JavaFX Application Thread controller.Controller:logRequestStatus:26 - FOR HOST www.martinbroadhurst.com RESPONSE STATUS: OK
21:19:58,746  INFO JavaFX Application Thread - FOR HOST www.martinbroadhurst.com RESPONSE STATUS: OK
21:21:45,761  INFO JavaFX Application Thread - FOR HOST www.martinbroadhust.com RESPONSE STATUS: null
21:21:55,674  INFO JavaFX Application Thread - FOR HOST www.martinbroadhust.co RESPONSE STATUS: null
21:22:13,962  INFO JavaFX Application Thread - FOR HOST www.martinbroadhurst.com RESPONSE STATUS: OK
21:22:28,083  INFO JavaFX Application Thread - FOR HOST www.hi.com RESPONSE STATUS: MOVED_PERMANENTLY
22:33:57,460  INFO JavaFX Application Thread - FOR HOST www.martinbroadhurst.com RESPONSE STATUS: OK
22:37:04,087  INFO JavaFX Application Thread - FOR HOST www.martinbroadhurst.com RESPONSE STATUS: OK
22:52:59,073  INFO JavaFX Application Thread - FOR HOST www.martinbroadhurst.com RESPONSE STATUS: OK
22:56:51,474  INFO JavaFX Application Thread - FOR HOST www.hi.com RESPONSE STATUS: null
22:57:00,717  INFO JavaFX Application Thread - FOR HOST www.hi.com RESPONSE STATUS: null
22:57:13,022  INFO JavaFX Application Thread - FOR HOST www.martinoadhurst.com RESPONSE STATUS: null
23:25:41,486  INFO JavaFX Application Thread - FOR HOST www.martinbroadhurst.com RESPONSE STATUS: OK
21:14:13,296  INFO JavaFX Application Thread - FOR HOST www.martinbroadhurst.com RESPONSE STATUS: OK
22:45:25,837  INFO main - FOR HOST www.martinbroadhurst.com RESPONSE STATUS: null
10:32:19,309  INFO main - FOR HOST www.martinbroadhurst.com RESPONSE STATUS: null
10:32:45,522  INFO main - FOR HOST www.martinbroadhurst.com RESPONSE STATUS: null
10:41:32,180  INFO main - FOR HOST www.martinbroadhurst.com RESPONSE STATUS: null
10:42:15,075  INFO main - FOR HOST www.martinbroadhurst.com RESPONSE STATUS: null
10:43:46,211  INFO main - FOR HOST www.martinbroadhurst.com RESPONSE STATUS: null
10:49:44,613  INFO main - FOR HOST www.martinbroadhurst.com RESPONSE STATUS: null
10:50:10,417  INFO main - FOR HOST www.martinbroadhurst.com RESPONSE STATUS: null
10:53:30,713  INFO main - FOR HOST www.martinbroadhurst.com RESPONSE STATUS: null
11:00:27,484  INFO main - FOR HOST www.martinbroadhurst.com RESPONSE STATUS: null
11:02:12,484  INFO main - FOR HOST www.martinbroadhurst.com RESPONSE STATUS: null
11:04:10,714  INFO main - FOR HOST www.martinbroadhurst.com RESPONSE STATUS: null
11:05:41,645  INFO main - FOR HOST www.martinbroadhurst.com RESPONSE STATUS: null
11:08:25,897  INFO main - FOR HOST www.martinbroadhurst.com RESPONSE STATUS: null
13:40:36,167  INFO main - FOR HOST www.martinbroadhurst.com RESPONSE STATUS: null
13:41:43,827  INFO main - FOR HOST www.martinbroadhurst.com RESPONSE STATUS: null
13:42:23,053  INFO main - FOR HOST www.martinbroadhurst.com RESPONSE STATUS: null
13:51:26,182  INFO main - FOR HOST www.martinbroadhurst.com RESPONSE STATUS: null
13:52:11,761  INFO JavaFX Application Thread - FOR HOST www.martinbroadhurst.com RESPONSE STATUS: OK
13:53:34,032  INFO main - FOR HOST www.martinbroadhurst.com RESPONSE STATUS: null
13:54:10,778  INFO main - FOR HOST www.martinbroadhurst.com RESPONSE STATUS: null
13:55:32,803  INFO main - FOR HOST www.martinbroadhurst.com RESPONSE STATUS: null
13:55:50,074  INFO main - FOR HOST www.martinbroadhurst.com RESPONSE STATUS: null
14:01:47,431  INFO main - FOR HOST www.martinbroadhurst.com RESPONSE STATUS: null
14:06:17,629  INFO main - FOR HOST www.martinbroadhurst.com RESPONSE STATUS: null
14:07:19,272  INFO main - FOR HOST www.martinbroadhurst.com RESPONSE STATUS: null
14:09:46,510  INFO main - FOR HOST www.martinbroadhurst.com RESPONSE STATUS: null
14:10:22,067  INFO main - FOR HOST www.martinbroadhurst.com RESPONSE STATUS: null
14:10:38,761  INFO JavaFX Application Thread - FOR HOST www.martinbroadhurst.com RESPONSE STATUS: OK
14:11:54,293  INFO main - FOR HOST www.martinbroadhurst.com RESPONSE STATUS: null
14:12:29,273  INFO main - FOR HOST www.martinbroadhurst.com RESPONSE STATUS: null
22:49:06,832  INFO main - FOR HOST www.martinbroadhurst.com RESPONSE STATUS: null
22:50:05,179  INFO main - FOR HOST www.martinbroadhurst.com RESPONSE STATUS: null
10:38:26,632 ERROR main - java.net.UnknownHostException: www.martinbroadhurst.com
10:38:26,658  INFO main - FOR HOST www.martinbroadhurst.com RESPONSE STATUS: null
10:39:03,864 ERROR main - java.net.UnknownHostException: www.martinbroadhurst.com
10:39:03,864  INFO main - FOR HOST www.martinbroadhurst.com RESPONSE STATUS: null
10:39:23,790 ERROR JavaFX Application Thread - java.net.UnknownHostException: www.martinbroadhurst.com
10:39:23,792  INFO JavaFX Application Thread - FOR HOST www.martinbroadhurst.com RESPONSE STATUS: null
10:41:10,498  INFO main - FOR HOST www.martinbroadhurst.com RESPONSE STATUS: null
10:41:28,222  INFO JavaFX Application Thread - FOR HOST www.martinbroadhurst.com RESPONSE STATUS: null
10:42:51,284 ERROR main - java.net.UnknownHostException: www.martinbroadhurst.com
10:42:51,285  INFO main - FOR HOST www.martinbroadhurst.com RESPONSE STATUS: null
10:43:09,030 ERROR JavaFX Application Thread - java.net.UnknownHostException: www.martinbroadhurst.com
10:43:09,032  INFO JavaFX Application Thread - FOR HOST www.martinbroadhurst.com RESPONSE STATUS: null
10:43:14,128 ERROR JavaFX Application Thread - java.net.UnknownHostException: www.martinbroadhurst.com
10:43:14,128  INFO JavaFX Application Thread - FOR HOST www.martinbroadhurst.com RESPONSE STATUS: null
10:43:24,187 ERROR JavaFX Application Thread - java.net.UnknownHostException: www.martinbroadhurst.com
10:43:24,187  INFO JavaFX Application Thread - FOR HOST www.martinbroadhurst.com RESPONSE STATUS: null
10:43:24,418 ERROR JavaFX Application Thread - java.net.UnknownHostException: www.martinbroadhurst.com
10:43:24,419  INFO JavaFX Application Thread - FOR HOST www.martinbroadhurst.com RESPONSE STATUS: null
10:43:24,645 ERROR JavaFX Application Thread - java.net.UnknownHostException: www.martinbroadhurst.com
10:43:24,645  INFO JavaFX Application Thread - FOR HOST www.martinbroadhurst.com RESPONSE STATUS: null
10:43:47,425 ERROR main - java.net.UnknownHostException: www.martinbroadhurst.com
10:43:47,426  INFO main - FOR HOST www.martinbroadhurst.com RESPONSE STATUS: null
10:44:40,597 ERROR JavaFX Application Thread - java.net.UnknownHostException: www.martinbroadhurst.com
10:47:02,611  INFO JavaFX Application Thread - FOR HOST www.martinbroadhurst.com RESPONSE STATUS: null
10:47:10,081  INFO main - FOR HOST www.martinbroadhurst.com RESPONSE STATUS: null
10:47:28,410  INFO JavaFX Application Thread - FOR HOST www.martinbroadhurst.com RESPONSE STATUS: OK
10:47:53,504 ERROR JavaFX Application Thread - java.net.NoRouteToHostException: No route to host: connect
	at java.net.DualStackPlainSocketImpl.connect0(Native Method)
	at java.net.DualStackPlainSocketImpl.socketConnect(DualStackPlainSocketImpl.java:79)
	at java.net.AbstractPlainSocketImpl.doConnect(AbstractPlainSocketImpl.java:350)
	at java.net.AbstractPlainSocketImpl.connectToAddress(AbstractPlainSocketImpl.java:206)
	at java.net.AbstractPlainSocketImpl.connect(AbstractPlainSocketImpl.java:188)
	at java.net.PlainSocketImpl.connect(PlainSocketImpl.java:172)
	at java.net.SocksSocketImpl.connect(SocksSocketImpl.java:392)
	at java.net.Socket.connect(Socket.java:589)
	at java.net.Socket.connect(Socket.java:538)
	at java.net.Socket.<init>(Socket.java:434)
	at java.net.Socket.<init>(Socket.java:211)
	at client.HTTPClient.sendRequest(HTTPClient.java:28)
	at controller.Controller.sendRequest(Controller.java:40)
	at view.Window.lambda$getContent$0(Window.java:93)
	at com.sun.javafx.event.CompositeEventHandler.dispatchBubblingEvent(CompositeEventHandler.java:86)
	at com.sun.javafx.event.EventHandlerManager.dispatchBubblingEvent(EventHandlerManager.java:238)
	at com.sun.javafx.event.EventHandlerManager.dispatchBubblingEvent(EventHandlerManager.java:191)
	at com.sun.javafx.event.CompositeEventDispatcher.dispatchBubblingEvent(CompositeEventDispatcher.java:59)
	at com.sun.javafx.event.BasicEventDispatcher.dispatchEvent(BasicEventDispatcher.java:58)
	at com.sun.javafx.event.EventDispatchChainImpl.dispatchEvent(EventDispatchChainImpl.java:114)
	at com.sun.javafx.event.BasicEventDispatcher.dispatchEvent(BasicEventDispatcher.java:56)
	at com.sun.javafx.event.EventDispatchChainImpl.dispatchEvent(EventDispatchChainImpl.java:114)
	at com.sun.javafx.event.BasicEventDispatcher.dispatchEvent(BasicEventDispatcher.java:56)
	at com.sun.javafx.event.EventDispatchChainImpl.dispatchEvent(EventDispatchChainImpl.java:114)
	at com.sun.javafx.event.EventUtil.fireEventImpl(EventUtil.java:74)
	at com.sun.javafx.event.EventUtil.fireEvent(EventUtil.java:49)
	at javafx.event.Event.fireEvent(Event.java:198)
	at javafx.scene.Node.fireEvent(Node.java:8413)
	at javafx.scene.control.Button.fire(Button.java:185)
	at com.sun.javafx.scene.control.behavior.ButtonBehavior.mouseReleased(ButtonBehavior.java:182)
	at com.sun.javafx.scene.control.skin.BehaviorSkinBase$1.handle(BehaviorSkinBase.java:96)
	at com.sun.javafx.scene.control.skin.BehaviorSkinBase$1.handle(BehaviorSkinBase.java:89)
	at com.sun.javafx.event.CompositeEventHandler$NormalEventHandlerRecord.handleBubblingEvent(CompositeEventHandler.java:218)
	at com.sun.javafx.event.CompositeEventHandler.dispatchBubblingEvent(CompositeEventHandler.java:80)
	at com.sun.javafx.event.EventHandlerManager.dispatchBubblingEvent(EventHandlerManager.java:238)
	at com.sun.javafx.event.EventHandlerManager.dispatchBubblingEvent(EventHandlerManager.java:191)
	at com.sun.javafx.event.CompositeEventDispatcher.dispatchBubblingEvent(CompositeEventDispatcher.java:59)
	at com.sun.javafx.event.BasicEventDispatcher.dispatchEvent(BasicEventDispatcher.java:58)
	at com.sun.javafx.event.EventDispatchChainImpl.dispatchEvent(EventDispatchChainImpl.java:114)
	at com.sun.javafx.event.BasicEventDispatcher.dispatchEvent(BasicEventDispatcher.java:56)
	at com.sun.javafx.event.EventDispatchChainImpl.dispatchEvent(EventDispatchChainImpl.java:114)
	at com.sun.javafx.event.BasicEventDispatcher.dispatchEvent(BasicEventDispatcher.java:56)
	at com.sun.javafx.event.EventDispatchChainImpl.dispatchEvent(EventDispatchChainImpl.java:114)
	at com.sun.javafx.event.EventUtil.fireEventImpl(EventUtil.java:74)
	at com.sun.javafx.event.EventUtil.fireEvent(EventUtil.java:54)
	at javafx.event.Event.fireEvent(Event.java:198)
	at javafx.scene.Scene$MouseHandler.process(Scene.java:3757)
	at javafx.scene.Scene$MouseHandler.access$1500(Scene.java:3485)
	at javafx.scene.Scene.impl_processMouseEvent(Scene.java:1762)
	at javafx.scene.Scene$ScenePeerListener.mouseEvent(Scene.java:2494)
	at com.sun.javafx.tk.quantum.GlassViewEventHandler$MouseEventNotification.run(GlassViewEventHandler.java:381)
	at com.sun.javafx.tk.quantum.GlassViewEventHandler$MouseEventNotification.run(GlassViewEventHandler.java:295)
	at java.security.AccessController.doPrivileged(Native Method)
	at com.sun.javafx.tk.quantum.GlassViewEventHandler.lambda$handleMouseEvent$354(GlassViewEventHandler.java:417)
	at com.sun.javafx.tk.quantum.QuantumToolkit.runWithoutRenderLock(QuantumToolkit.java:389)
	at com.sun.javafx.tk.quantum.GlassViewEventHandler.handleMouseEvent(GlassViewEventHandler.java:416)
	at com.sun.glass.ui.View.handleMouseEvent(View.java:555)
	at com.sun.glass.ui.View.notifyMouse(View.java:937)
	at com.sun.glass.ui.win.WinApplication._runLoop(Native Method)
	at com.sun.glass.ui.win.WinApplication.lambda$null$148(WinApplication.java:191)
	at java.lang.Thread.run(Thread.java:745)

10:47:53,505  INFO JavaFX Application Thread - FOR HOST www.martinbroadhurst.com RESPONSE STATUS: null
